Process SpawnProcess-4:
Traceback (most recent call last):
  File "E:\conda\envs\vision4leg\lib\multiprocessing\process.py", line 297, in _bootstrap
    self.run()
  File "E:\conda\envs\vision4leg\lib\multiprocessing\process.py", line 99, in run
    self._target(*self._args, **self._kwargs)
  File "F:\shanghai\vision4leg\torchrl\env\subproc_vecenv.py", line 26, in env_worker
    command, data = child_pipe.recv()
  File "E:\conda\envs\vision4leg\lib\multiprocessing\connection.py", line 250, in recv
    buf = self._recv_bytes()
  File "E:\conda\envs\vision4leg\lib\multiprocessing\connection.py", line 306, in _recv_bytes
    [ov.event], False, INFINITE)
KeyboardInterrupt
Process SpawnProcess-1:
Traceback (most recent call last):
  File "E:\conda\envs\vision4leg\lib\multiprocessing\process.py", line 297, in _bootstrap
    self.run()
  File "E:\conda\envs\vision4leg\lib\multiprocessing\process.py", line 99, in run
    self._target(*self._args, **self._kwargs)
  File "F:\shanghai\vision4leg\torchrl\env\subproc_vecenv.py", line 26, in env_worker
    command, data = child_pipe.recv()
  File "E:\conda\envs\vision4leg\lib\multiprocessing\connection.py", line 250, in recv
    buf = self._recv_bytes()
  File "E:\conda\envs\vision4leg\lib\multiprocessing\connection.py", line 306, in _recv_bytes
    [ov.event], False, INFINITE)
KeyboardInterrupt
Process SpawnProcess-3:
Traceback (most recent call last):
  File "E:\conda\envs\vision4leg\lib\multiprocessing\process.py", line 297, in _bootstrap
    self.run()
  File "E:\conda\envs\vision4leg\lib\multiprocessing\process.py", line 99, in run
    self._target(*self._args, **self._kwargs)
  File "F:\shanghai\vision4leg\torchrl\env\subproc_vecenv.py", line 26, in env_worker
    command, data = child_pipe.recv()
  File "E:\conda\envs\vision4leg\lib\multiprocessing\connection.py", line 250, in recv
    buf = self._recv_bytes()
  File "E:\conda\envs\vision4leg\lib\multiprocessing\connection.py", line 306, in _recv_bytes
    [ov.event], False, INFINITE)
KeyboardInterrupt
Process SpawnProcess-2:
Traceback (most recent call last):
  File "E:\conda\envs\vision4leg\lib\multiprocessing\process.py", line 297, in _bootstrap
    self.run()
  File "E:\conda\envs\vision4leg\lib\multiprocessing\process.py", line 99, in run
    self._target(*self._args, **self._kwargs)
  File "F:\shanghai\vision4leg\torchrl\env\subproc_vecenv.py", line 26, in env_worker
    command, data = child_pipe.recv()
  File "E:\conda\envs\vision4leg\lib\multiprocessing\connection.py", line 250, in recv
    buf = self._recv_bytes()
  File "E:\conda\envs\vision4leg\lib\multiprocessing\connection.py", line 306, in _recv_bytes
    [ov.event], False, INFINITE)
KeyboardInterrupt
Process SpawnProcess-7:
Traceback (most recent call last):
  File "E:\conda\envs\vision4leg\lib\multiprocessing\process.py", line 297, in _bootstrap
    self.run()
  File "E:\conda\envs\vision4leg\lib\multiprocessing\process.py", line 99, in run
    self._target(*self._args, **self._kwargs)
  File "F:\shanghai\vision4leg\torchrl\env\subproc_vecenv.py", line 26, in env_worker
    command, data = child_pipe.recv()
  File "E:\conda\envs\vision4leg\lib\multiprocessing\connection.py", line 250, in recv
    buf = self._recv_bytes()
  File "E:\conda\envs\vision4leg\lib\multiprocessing\connection.py", line 306, in _recv_bytes
    [ov.event], False, INFINITE)
KeyboardInterrupt
Process SpawnProcess-5:
Traceback (most recent call last):
  File "E:\conda\envs\vision4leg\lib\multiprocessing\process.py", line 297, in _bootstrap
    self.run()
  File "E:\conda\envs\vision4leg\lib\multiprocessing\process.py", line 99, in run
    self._target(*self._args, **self._kwargs)
  File "F:\shanghai\vision4leg\torchrl\env\subproc_vecenv.py", line 26, in env_worker
    command, data = child_pipe.recv()
  File "E:\conda\envs\vision4leg\lib\multiprocessing\connection.py", line 250, in recv
    buf = self._recv_bytes()
  File "E:\conda\envs\vision4leg\lib\multiprocessing\connection.py", line 306, in _recv_bytes
    [ov.event], False, INFINITE)
KeyboardInterrupt
Process SpawnProcess-8:
Traceback (most recent call last):
  File "E:\conda\envs\vision4leg\lib\multiprocessing\process.py", line 297, in _bootstrap
    self.run()
  File "E:\conda\envs\vision4leg\lib\multiprocessing\process.py", line 99, in run
    self._target(*self._args, **self._kwargs)
  File "F:\shanghai\vision4leg\torchrl\env\subproc_vecenv.py", line 26, in env_worker
    command, data = child_pipe.recv()
  File "E:\conda\envs\vision4leg\lib\multiprocessing\connection.py", line 250, in recv
    buf = self._recv_bytes()
  File "E:\conda\envs\vision4leg\lib\multiprocessing\connection.py", line 306, in _recv_bytes
    [ov.event], False, INFINITE)
KeyboardInterrupt
Process SpawnProcess-3:
Traceback (most recent call last):
  File "E:\conda\envs\vision4leg\lib\multiprocessing\process.py", line 297, in _bootstrap
    self.run()
  File "E:\conda\envs\vision4leg\lib\multiprocessing\process.py", line 99, in run
    self._target(*self._args, **self._kwargs)
  File "F:\shanghai\vision4leg\torchrl\env\subproc_vecenv.py", line 29, in env_worker
    env.step(np.squeeze(action)) for env, action in zip(envs, data)
  File "F:\shanghai\vision4leg\torchrl\env\subproc_vecenv.py", line 29, in <listcomp>
    env.step(np.squeeze(action)) for env, action in zip(envs, data)
  File "E:\conda\envs\vision4leg\lib\site-packages\gym\core.py", line 340, in step
    return self.env.step(self.action(action))
  File "E:\conda\envs\vision4leg\lib\site-packages\gym\wrappers\time_limit.py", line 17, in step
    observation, reward, done, info = self.env.step(action)
  File "E:\conda\envs\vision4leg\lib\site-packages\gym\core.py", line 280, in step
    return self.env.step(action)
  File "E:\conda\envs\vision4leg\lib\site-packages\gym\core.py", line 340, in step
    return self.env.step(self.action(action))
  File "E:\conda\envs\vision4leg\lib\site-packages\gym\core.py", line 340, in step
    return self.env.step(self.action(action))
  File "F:\shanghai\vision4leg\vision4leg\envs\env_wrappers\observation_dictionary_to_array_wrapper.py", line 62, in step
    observation_dict, reward, done, _ = self._gym_env.step(action)
  File "F:\shanghai\vision4leg\vision4leg\envs\locomotion_gym_env_with_rich_information.py", line 442, in step
    self._robot.Step(action)
  File "F:\shanghai\vision4leg\vision4leg\robots\minitaur.py", line 283, in Step
    self._StepInternal(proc_action, self._motor_control_mode)
  File "F:\shanghai\vision4leg\vision4leg\robots\minitaur.py", line 257, in _StepInternal
    self._pybullet_client.stepSimulation()
KeyboardInterrupt
Process SpawnProcess-2:
Traceback (most recent call last):
  File "E:\conda\envs\vision4leg\lib\multiprocessing\process.py", line 297, in _bootstrap
    self.run()
  File "E:\conda\envs\vision4leg\lib\multiprocessing\process.py", line 99, in run
    self._target(*self._args, **self._kwargs)
  File "F:\shanghai\vision4leg\torchrl\env\subproc_vecenv.py", line 29, in env_worker
    env.step(np.squeeze(action)) for env, action in zip(envs, data)
  File "F:\shanghai\vision4leg\torchrl\env\subproc_vecenv.py", line 29, in <listcomp>
    env.step(np.squeeze(action)) for env, action in zip(envs, data)
  File "E:\conda\envs\vision4leg\lib\site-packages\gym\core.py", line 340, in step
    return self.env.step(self.action(action))
  File "E:\conda\envs\vision4leg\lib\site-packages\gym\wrappers\time_limit.py", line 17, in step
    observation, reward, done, info = self.env.step(action)
  File "E:\conda\envs\vision4leg\lib\site-packages\gym\core.py", line 280, in step
    return self.env.step(action)
  File "E:\conda\envs\vision4leg\lib\site-packages\gym\core.py", line 340, in step
    return self.env.step(self.action(action))
  File "E:\conda\envs\vision4leg\lib\site-packages\gym\core.py", line 340, in step
    return self.env.step(self.action(action))
  File "F:\shanghai\vision4leg\vision4leg\envs\env_wrappers\observation_dictionary_to_array_wrapper.py", line 62, in step
    observation_dict, reward, done, _ = self._gym_env.step(action)
  File "F:\shanghai\vision4leg\vision4leg\envs\locomotion_gym_env_with_rich_information.py", line 442, in step
    self._robot.Step(action)
  File "F:\shanghai\vision4leg\vision4leg\robots\minitaur.py", line 283, in Step
    self._StepInternal(proc_action, self._motor_control_mode)
  File "F:\shanghai\vision4leg\vision4leg\robots\minitaur.py", line 257, in _StepInternal
    self._pybullet_client.stepSimulation()
KeyboardInterrupt
Process SpawnProcess-1:
Traceback (most recent call last):
  File "E:\conda\envs\vision4leg\lib\multiprocessing\process.py", line 297, in _bootstrap
    self.run()
  File "E:\conda\envs\vision4leg\lib\multiprocessing\process.py", line 99, in run
    self._target(*self._args, **self._kwargs)
  File "F:\shanghai\vision4leg\torchrl\env\subproc_vecenv.py", line 29, in env_worker
    env.step(np.squeeze(action)) for env, action in zip(envs, data)
  File "F:\shanghai\vision4leg\torchrl\env\subproc_vecenv.py", line 29, in <listcomp>
    env.step(np.squeeze(action)) for env, action in zip(envs, data)
  File "E:\conda\envs\vision4leg\lib\site-packages\gym\core.py", line 340, in step
    return self.env.step(self.action(action))
  File "E:\conda\envs\vision4leg\lib\site-packages\gym\wrappers\time_limit.py", line 17, in step
    observation, reward, done, info = self.env.step(action)
  File "E:\conda\envs\vision4leg\lib\site-packages\gym\core.py", line 280, in step
    return self.env.step(action)
  File "E:\conda\envs\vision4leg\lib\site-packages\gym\core.py", line 340, in step
    return self.env.step(self.action(action))
  File "E:\conda\envs\vision4leg\lib\site-packages\gym\core.py", line 340, in step
    return self.env.step(self.action(action))
  File "F:\shanghai\vision4leg\vision4leg\envs\env_wrappers\observation_dictionary_to_array_wrapper.py", line 62, in step
    observation_dict, reward, done, _ = self._gym_env.step(action)
  File "F:\shanghai\vision4leg\vision4leg\envs\locomotion_gym_env_with_rich_information.py", line 442, in step
    self._robot.Step(action)
  File "F:\shanghai\vision4leg\vision4leg\robots\minitaur.py", line 283, in Step
    self._StepInternal(proc_action, self._motor_control_mode)
  File "F:\shanghai\vision4leg\vision4leg\robots\minitaur.py", line 257, in _StepInternal
    self._pybullet_client.stepSimulation()
KeyboardInterrupt
Process SpawnProcess-4:
Traceback (most recent call last):
  File "E:\conda\envs\vision4leg\lib\multiprocessing\process.py", line 297, in _bootstrap
    self.run()
  File "E:\conda\envs\vision4leg\lib\multiprocessing\process.py", line 99, in run
    self._target(*self._args, **self._kwargs)
  File "F:\shanghai\vision4leg\torchrl\env\subproc_vecenv.py", line 29, in env_worker
    env.step(np.squeeze(action)) for env, action in zip(envs, data)
  File "F:\shanghai\vision4leg\torchrl\env\subproc_vecenv.py", line 29, in <listcomp>
    env.step(np.squeeze(action)) for env, action in zip(envs, data)
  File "E:\conda\envs\vision4leg\lib\site-packages\gym\core.py", line 340, in step
    return self.env.step(self.action(action))
  File "E:\conda\envs\vision4leg\lib\site-packages\gym\wrappers\time_limit.py", line 17, in step
    observation, reward, done, info = self.env.step(action)
  File "E:\conda\envs\vision4leg\lib\site-packages\gym\core.py", line 280, in step
    return self.env.step(action)
  File "E:\conda\envs\vision4leg\lib\site-packages\gym\core.py", line 340, in step
    return self.env.step(self.action(action))
  File "E:\conda\envs\vision4leg\lib\site-packages\gym\core.py", line 340, in step
    return self.env.step(self.action(action))
  File "F:\shanghai\vision4leg\vision4leg\envs\env_wrappers\observation_dictionary_to_array_wrapper.py", line 62, in step
    observation_dict, reward, done, _ = self._gym_env.step(action)
  File "F:\shanghai\vision4leg\vision4leg\envs\locomotion_gym_env_with_rich_information.py", line 442, in step
    self._robot.Step(action)
  File "F:\shanghai\vision4leg\vision4leg\robots\minitaur.py", line 283, in Step
    self._StepInternal(proc_action, self._motor_control_mode)
  File "F:\shanghai\vision4leg\vision4leg\robots\minitaur.py", line 257, in _StepInternal
    self._pybullet_client.stepSimulation()
KeyboardInterrupt
